#! /bin/bash -v

# create the filesystem
sudo mkfs -t ext4 -L tablespace /dev/sdb1
mke2fs 1.42.9 (4-Feb-2014)
/dev/sdb1 is mounted; will not make a filesystem here!

# create the mount point
sudo mkdir -p /tablespace

# add it to /etc/fstab
sudo su - root -c "cat /vagrant/znmeb/tablespace-fstab >> /etc/fstab"

# mount it and assign it to the 'postgres' Linux user
sudo mount -a
sudo chown -R postgres:postgres /tablespace

# check
df -Th
Filesystem     Type      Size  Used Avail Use% Mounted on
/dev/sda1      ext4       40G  2.5G   36G   7% /
none           tmpfs     4.0K     0  4.0K   0% /sys/fs/cgroup
udev           devtmpfs 1005M   12K 1005M   1% /dev
tmpfs          tmpfs     202M  348K  202M   1% /run
none           tmpfs     5.0M     0  5.0M   0% /run/lock
none           tmpfs    1008M     0 1008M   0% /run/shm
none           tmpfs     100M     0  100M   0% /run/user
vagrant        vboxsf    110G   48G   63G  43% /vagrant
/dev/sdb1      ext4       99G   60M   94G   1% /tablespace

# now do the PostgreSQL commands
for i in \
  "CREATE TABLESPACE spatial LOCATION '/tablespace';" \
  '\db+'
do
  sudo su - postgres -c "psql -d postgres -c \"${i}\""
done
CREATE TABLESPACE
                          List of tablespaces
    Name    |  Owner   |  Location   | Access privileges | Description 
------------+----------+-------------+-------------------+-------------
 pg_default | postgres |             |                   | 
 pg_global  | postgres |             |                   | 
 spatial    | postgres | /tablespace |                   | 
(3 rows)

